{
  "Cucumber Features": {
    "coverage": {
      "/home/per/a/The-Ultras-Newsroom-JAN-2019-/app/models/article.rb": [
        1,
        1,
        1,
        1,
        null
      ],
      "/home/per/a/The-Ultras-Newsroom-JAN-2019-/app/models/application_record.rb": [
        1,
        1,
        null
      ],
      "/home/per/a/The-Ultras-Newsroom-JAN-2019-/app/controllers/articles_controller.rb": [
        1,
        1,
        3,
        null,
        null,
        1,
        1,
        null,
        null
      ],
      "/home/per/a/The-Ultras-Newsroom-JAN-2019-/app/controllers/application_controller.rb": [
        1,
        null
      ],
      "/home/per/a/The-Ultras-Newsroom-JAN-2019-/app/helpers/application_helper.rb": [
        1,
        null
      ],
      "/home/per/a/The-Ultras-Newsroom-JAN-2019-/app/channels/application_cable/connection.rb": [
        0,
        0,
        0,
        0
      ],
      "/home/per/a/The-Ultras-Newsroom-JAN-2019-/app/channels/application_cable/channel.rb": [
        0,
        0,
        0,
        0
      ],
      "/home/per/a/The-Ultras-Newsroom-JAN-2019-/app/mailers/application_mailer.rb": [
        0,
        0,
        0,
        0
      ],
      "/home/per/a/The-Ultras-Newsroom-JAN-2019-/app/jobs/application_job.rb": [
        0,
        0
      ]
    },
    "timestamp": 1552829018
  },
  "RSpec": {
    "coverage": {
      "/home/per/a/The-Ultras-Newsroom-JAN-2019-/app/models/article.rb": [
        1,
        1,
        1,
        1,
        1,
        null
      ],
      "/home/per/a/The-Ultras-Newsroom-JAN-2019-/app/models/application_record.rb": [
        1,
        1,
        null
      ],
      "/home/per/a/The-Ultras-Newsroom-JAN-2019-/app/controllers/articles_controller.rb": [
        1,
        1,
        1,
        1,
        null,
        null,
        1,
        0,
        null,
        null
      ],
      "/home/per/a/The-Ultras-Newsroom-JAN-2019-/app/controllers/application_controller.rb": [
        1,
        null
      ],
      "/home/per/a/The-Ultras-Newsroom-JAN-2019-/app/helpers/application_helper.rb": [
        1,
        null
      ],
      "/home/per/a/The-Ultras-Newsroom-JAN-2019-/app/models/category.rb": [
        1,
        1,
        1,
        null,
        null
      ],
      "/home/per/a/The-Ultras-Newsroom-JAN-2019-/app/controllers/categories_controller.rb": [
        0,
        0,
        0,
        0,
        0,
        null,
        null
      ],
      "/home/per/a/The-Ultras-Newsroom-JAN-2019-/app/channels/application_cable/connection.rb": [
        0,
        0,
        0,
        0
      ],
      "/home/per/a/The-Ultras-Newsroom-JAN-2019-/app/channels/application_cable/channel.rb": [
        0,
        0,
        0,
        0
      ],
      "/home/per/a/The-Ultras-Newsroom-JAN-2019-/app/mailers/application_mailer.rb": [
        0,
        0,
        0,
        0
      ],
      "/home/per/a/The-Ultras-Newsroom-JAN-2019-/app/jobs/application_job.rb": [
        0,
        0
      ]
    },
    "timestamp": 1552744530
  }
}
